This is pdfTeX, Version 3.1415926-1.40.10 (TeX Live 2009/Debian) (format=pdflatex 2014.11.11)  4 MAY 2015 09:47
entering extended mode
 %&-line parsing enabled.
**dynamicModelAuto2.tex
(./dynamicModelAuto2.tex
LaTeX2e <2009/09/24>
Babel <v3.8l> and hyphenation patterns for english, usenglishmax, dumylang, noh
yphenation, loaded.

! LaTeX Error: Environment multicols undefined.

See the LaTeX manual or LaTeX Companion for explanation.
Type  H <return>  for immediate help.
 ...                                              
                                                  
l.1 \begin{multicols}
                     {2}
Your command was ignored.
Type  I <command> <return>  to replace it with another command,
or  <return>  to continue without it.


! LaTeX Error: Missing \begin{document}.

See the LaTeX manual or LaTeX Companion for explanation.
Type  H <return>  for immediate help.
 ...                                              
                                                  
l.1 \begin{multicols}{2
                       }
You're in trouble here.  Try typing  <return>  to proceed.
If that doesn't work, type  X <return>  to quit.

Missing character: There is no 2 in font nullfont!

! LaTeX Error: Environment align undefined.

See the LaTeX manual or LaTeX Companion for explanation.
Type  H <return>  for immediate help.
 ...                                              
                                                  
l.2 \begin{align}
                 
Your command was ignored.
Type  I <command> <return>  to replace it with another command,
or  <return>  to continue without it.

! Missing $ inserted.
<inserted text> 
                $
l.3  \bar
         \omega_{1} &= {}^{1}A_{0} \bar\omega_{0} + \dot{q}_{1} \bar{e}_{1}
I've inserted a begin-math/end-math symbol since I think
you left one out. Proceed, with fingers crossed.

LaTeX Font Info:    External font `cmex10' loaded for size
(Font)              <7> on input line 3.
LaTeX Font Info:    External font `cmex10' loaded for size
(Font)              <5> on input line 3.
! Misplaced alignment tab character &.
l.3  \bar\omega_{1} &
                     = {}^{1}A_{0} \bar\omega_{0} + \dot{q}_{1} \bar{e}_{1}
I can't figure out why you would want to use a tab mark
here. If you just want an ampersand, the remedy is
simple: Just type `I\&' now. But if some right brace
up above has ended a previous alignment prematurely,
you're probably due for more error messages, and you
might try typing `S' now just to see what is salvageable.

! Misplaced alignment tab character &.
l.5  \bar\omega_{1} &
                     = \left[\begin{matrix} -\dot{q}_{imu} & \dot{\psi}c_{im...
I can't figure out why you would want to use a tab mark
here. If you just want an ampersand, the remedy is
simple: Just type `I\&' now. But if some right brace
up above has ended a previous alignment prematurely,
you're probably due for more error messages, and you
might try typing `S' now just to see what is salvageable.

! Misplaced alignment tab character &.
l.5 ...1} &= \left[\begin{matrix} -\dot{q}_{imu} &
                                                   \dot{\psi}c_{imu} & \dot{...
I can't figure out why you would want to use a tab mark
here. If you just want an ampersand, the remedy is
simple: Just type `I\&' now. But if some right brace
up above has ended a previous alignment prematurely,
you're probably due for more error messages, and you
might try typing `S' now just to see what is salvageable.

! Misplaced alignment tab character &.
l.5 ...atrix} -\dot{q}_{imu} & \dot{\psi}c_{imu} &
                                                   \dot{\psi}s_{imu} &  \end...
I can't figure out why you would want to use a tab mark
here. If you just want an ampersand, the remedy is
simple: Just type `I\&' now. But if some right brace
up above has ended a previous alignment prematurely,
you're probably due for more error messages, and you
might try typing `S' now just to see what is salvageable.

! Misplaced alignment tab character &.
l.5 ...} & \dot{\psi}c_{imu} & \dot{\psi}s_{imu} &
                                                    \end{matrix}\right]
I can't figure out why you would want to use a tab mark
here. If you just want an ampersand, the remedy is
simple: Just type `I\&' now. But if some right brace
up above has ended a previous alignment prematurely,
you're probably due for more error messages, and you
might try typing `S' now just to see what is salvageable.

! Misplaced alignment tab character &.
l.7 K_{1} &
           = \dot{\psi}c_{imu} \nonumber \\
I can't figure out why you would want to use a tab mark
here. If you just want an ampersand, the remedy is
simple: Just type `I\&' now. But if some right brace
up above has ended a previous alignment prematurely,
you're probably due for more error messages, and you
might try typing `S' now just to see what is salvageable.

! Misplaced alignment tab character &.
l.8 K_{2} &
           = \dot{\psi}s_{imu} \nonumber \\
I can't figure out why you would want to use a tab mark
here. If you just want an ampersand, the remedy is
simple: Just type `I\&' now. But if some right brace
up above has ended a previous alignment prematurely,
you're probably due for more error messages, and you
might try typing `S' now just to see what is salvageable.

! Misplaced alignment tab character &.
l.9  \bar\omega_{1} &
                     = \left[\begin{matrix} -\dot{q}_{imu} & K_{1} & K_{2} &...
I can't figure out why you would want to use a tab mark
here. If you just want an ampersand, the remedy is
simple: Just type `I\&' now. But if some right brace
up above has ended a previous alignment prematurely,
you're probably due for more error messages, and you
might try typing `S' now just to see what is salvageable.

! Misplaced alignment tab character &.
l.9 ...1} &= \left[\begin{matrix} -\dot{q}_{imu} &
                                                   K_{1} & K_{2} &  \end{mat...
I can't figure out why you would want to use a tab mark
here. If you just want an ampersand, the remedy is
simple: Just type `I\&' now. But if some right brace
up above has ended a previous alignment prematurely,
you're probably due for more error messages, and you
might try typing `S' now just to see what is salvageable.

! Misplaced alignment tab character &.
l.9 ...eft[\begin{matrix} -\dot{q}_{imu} & K_{1} &
                                                   K_{2} &  \end{matrix}\right]
I can't figure out why you would want to use a tab mark
here. If you just want an ampersand, the remedy is
simple: Just type `I\&' now. But if some right brace
up above has ended a previous alignment prematurely,
you're probably due for more error messages, and you
might try typing `S' now just to see what is salvageable.

! Misplaced alignment tab character &.
l.9 ...in{matrix} -\dot{q}_{imu} & K_{1} & K_{2} &
                                                    \end{matrix}\right]
I can't figure out why you would want to use a tab mark
here. If you just want an ampersand, the remedy is
simple: Just type `I\&' now. But if some right brace
up above has ended a previous alignment prematurely,
you're probably due for more error messages, and you
might try typing `S' now just to see what is salvageable.

! Misplaced alignment tab character &.
l.11  \bar\omega_{1} &
                      = \left[\begin{matrix} -\dot{q}_{imu} & \dot{\psi}c_{i...
I can't figure out why you would want to use a tab mark
here. If you just want an ampersand, the remedy is
simple: Just type `I\&' now. But if some right brace
up above has ended a previous alignment prematurely,
you're probably due for more error messages, and you
might try typing `S' now just to see what is salvageable.

! Misplaced alignment tab character &.
l.11 ...} &= \left[\begin{matrix} -\dot{q}_{imu} &
                                                   \dot{\psi}c_{imu} & \dot{...
I can't figure out why you would want to use a tab mark
here. If you just want an ampersand, the remedy is
simple: Just type `I\&' now. But if some right brace
up above has ended a previous alignment prematurely,
you're probably due for more error messages, and you
might try typing `S' now just to see what is salvageable.

! Misplaced alignment tab character &.
l.11 ...trix} -\dot{q}_{imu} & \dot{\psi}c_{imu} &
                                                   \dot{\psi}s_{imu} &  \end...
I can't figure out why you would want to use a tab mark
here. If you just want an ampersand, the remedy is
simple: Just type `I\&' now. But if some right brace
up above has ended a previous alignment prematurely,
you're probably due for more error messages, and you
might try typing `S' now just to see what is salvageable.

! Misplaced alignment tab character &.
l.11 ... & \dot{\psi}c_{imu} & \dot{\psi}s_{imu} &
                                                    \end{matrix}\right]
I can't figure out why you would want to use a tab mark
here. If you just want an ampersand, the remedy is
simple: Just type `I\&' now. But if some right brace
up above has ended a previous alignment prematurely,
you're probably due for more error messages, and you
might try typing `S' now just to see what is salvageable.

! Misplaced alignment tab character &.
l.13  \bar\omega_{1} &
                      = \left[\begin{matrix} -\dot{q}_{imu} & \dot{\psi}c_{i...
I can't figure out why you would want to use a tab mark
here. If you just want an ampersand, the remedy is
simple: Just type `I\&' now. But if some right brace
up above has ended a previous alignment prematurely,
you're probably due for more error messages, and you
might try typing `S' now just to see what is salvageable.

! Misplaced alignment tab character &.
l.13 ...} &= \left[\begin{matrix} -\dot{q}_{imu} &
                                                   \dot{\psi}c_{imu} & \dot{...
I can't figure out why you would want to use a tab mark
here. If you just want an ampersand, the remedy is
simple: Just type `I\&' now. But if some right brace
up above has ended a previous alignment prematurely,
you're probably due for more error messages, and you
might try typing `S' now just to see what is salvageable.

! Misplaced alignment tab character &.
l.13 ...trix} -\dot{q}_{imu} & \dot{\psi}c_{imu} &
                                                   \dot{\psi}s_{imu} &  \end...
I can't figure out why you would want to use a tab mark
here. If you just want an ampersand, the remedy is
simple: Just type `I\&' now. But if some right brace
up above has ended a previous alignment prematurely,
you're probably due for more error messages, and you
might try typing `S' now just to see what is salvageable.

! Misplaced alignment tab character &.
l.13 ... & \dot{\psi}c_{imu} & \dot{\psi}s_{imu} &
                                                    \end{matrix}\right]
I can't figure out why you would want to use a tab mark
here. If you just want an ampersand, the remedy is
simple: Just type `I\&' now. But if some right brace
up above has ended a previous alignment prematurely,
you're probably due for more error messages, and you
might try typing `S' now just to see what is salvageable.

! Misplaced alignment tab character &.
l.15  \bar{v}_{1} &
                   = {}^{1}A_{0} \left(\bar{v}_{0} + \bar\omega_{0} \times \...
I can't figure out why you would want to use a tab mark
here. If you just want an ampersand, the remedy is
simple: Just type `I\&' now. But if some right brace
up above has ended a previous alignment prematurely,
you're probably due for more error messages, and you
might try typing `S' now just to see what is salvageable.

! Misplaced alignment tab character &.
l.17  \bar{v}_{1} &
                   = \left[\begin{matrix} 0 & \dot{x}s_{imu} & -\dot{x}c_{im...
I can't figure out why you would want to use a tab mark
here. If you just want an ampersand, the remedy is
simple: Just type `I\&' now. But if some right brace
up above has ended a previous alignment prematurely,
you're probably due for more error messages, and you
might try typing `S' now just to see what is salvageable.

! Misplaced alignment tab character &.
l.17  \bar{v}_{1} &= \left[\begin{matrix} 0 &
                                              \dot{x}s_{imu} & -\dot{x}c_{im...
I can't figure out why you would want to use a tab mark
here. If you just want an ampersand, the remedy is
simple: Just type `I\&' now. But if some right brace
up above has ended a previous alignment prematurely,
you're probably due for more error messages, and you
might try typing `S' now just to see what is salvageable.

! Misplaced alignment tab character &.
l.17 ... \left[\begin{matrix} 0 & \dot{x}s_{imu} &
                                                   -\dot{x}c_{imu} &  \end{m...
I can't figure out why you would want to use a tab mark
here. If you just want an ampersand, the remedy is
simple: Just type `I\&' now. But if some right brace
up above has ended a previous alignment prematurely,
you're probably due for more error messages, and you
might try typing `S' now just to see what is salvageable.

! Misplaced alignment tab character &.
l.17 ...ix} 0 & \dot{x}s_{imu} & -\dot{x}c_{imu} &
                                                    \end{matrix}\right]
I can't figure out why you would want to use a tab mark
here. If you just want an ampersand, the remedy is
simple: Just type `I\&' now. But if some right brace
up above has ended a previous alignment prematurely,
you're probably due for more error messages, and you
might try typing `S' now just to see what is salvageable.

! Misplaced alignment tab character &.
l.19 K_{3} &
            = \dot{x}s_{imu} \nonumber \\
I can't figure out why you would want to use a tab mark
here. If you just want an ampersand, the remedy is
simple: Just type `I\&' now. But if some right brace
up above has ended a previous alignment prematurely,
you're probably due for more error messages, and you
might try typing `S' now just to see what is salvageable.

! Misplaced alignment tab character &.
l.20 K_{4} &
            = -\dot{x}c_{imu} \nonumber \\
I can't figure out why you would want to use a tab mark
here. If you just want an ampersand, the remedy is
simple: Just type `I\&' now. But if some right brace
up above has ended a previous alignment prematurely,
you're probably due for more error messages, and you
might try typing `S' now just to see what is salvageable.

! Misplaced alignment tab character &.
l.21  \bar{v}_{1} &
                   = \left[\begin{matrix} 0 & K_{3} & K_{4} &  \end{matrix}\...
I can't figure out why you would want to use a tab mark
here. If you just want an ampersand, the remedy is
simple: Just type `I\&' now. But if some right brace
up above has ended a previous alignment prematurely,
you're probably due for more error messages, and you
might try typing `S' now just to see what is salvageable.

! Misplaced alignment tab character &.
l.21  \bar{v}_{1} &= \left[\begin{matrix} 0 &
                                              K_{3} & K_{4} &  \end{matrix}\...
I can't figure out why you would want to use a tab mark
here. If you just want an ampersand, the remedy is
simple: Just type `I\&' now. But if some right brace
up above has ended a previous alignment prematurely,
you're probably due for more error messages, and you
might try typing `S' now just to see what is salvageable.

! Misplaced alignment tab character &.
l.21 ...v}_{1} &= \left[\begin{matrix} 0 & K_{3} &
                                                   K_{4} &  \end{matrix}\right]
I can't figure out why you would want to use a tab mark
here. If you just want an ampersand, the remedy is
simple: Just type `I\&' now. But if some right brace
up above has ended a previous alignment prematurely,
you're probably due for more error messages, and you
might try typing `S' now just to see what is salvageable.

! Misplaced alignment tab character &.
l.21 ...= \left[\begin{matrix} 0 & K_{3} & K_{4} &
                                                    \end{matrix}\right]
I can't figure out why you would want to use a tab mark
here. If you just want an ampersand, the remedy is
simple: Just type `I\&' now. But if some right brace
up above has ended a previous alignment prematurely,
you're probably due for more error messages, and you
might try typing `S' now just to see what is salvageable.

! Misplaced alignment tab character &.
l.23  \bar{v}_{1} &
                   = \left[\begin{matrix} 0 & \dot{x}s_{imu} & -\dot{x}c_{im...
I can't figure out why you would want to use a tab mark
here. If you just want an ampersand, the remedy is
simple: Just type `I\&' now. But if some right brace
up above has ended a previous alignment prematurely,
you're probably due for more error messages, and you
might try typing `S' now just to see what is salvageable.

! Misplaced alignment tab character &.
l.23  \bar{v}_{1} &= \left[\begin{matrix} 0 &
                                              \dot{x}s_{imu} & -\dot{x}c_{im...
I can't figure out why you would want to use a tab mark
here. If you just want an ampersand, the remedy is
simple: Just type `I\&' now. But if some right brace
up above has ended a previous alignment prematurely,
you're probably due for more error messages, and you
might try typing `S' now just to see what is salvageable.

! Misplaced alignment tab character &.
l.23 ... \left[\begin{matrix} 0 & \dot{x}s_{imu} &
                                                   -\dot{x}c_{imu} &  \end{m...
I can't figure out why you would want to use a tab mark
here. If you just want an ampersand, the remedy is
simple: Just type `I\&' now. But if some right brace
up above has ended a previous alignment prematurely,
you're probably due for more error messages, and you
might try typing `S' now just to see what is salvageable.

! Misplaced alignment tab character &.
l.23 ...ix} 0 & \dot{x}s_{imu} & -\dot{x}c_{imu} &
                                                    \end{matrix}\right]
I can't figure out why you would want to use a tab mark
here. If you just want an ampersand, the remedy is
simple: Just type `I\&' now. But if some right brace
up above has ended a previous alignment prematurely,
you're probably due for more error messages, and you
might try typing `S' now just to see what is salvageable.

! Misplaced alignment tab character &.
l.25  \bar{v}_{1} &
                   = \left[\begin{matrix} 0 & \dot{x}s_{imu} & -\dot{x}c_{im...
I can't figure out why you would want to use a tab mark
here. If you just want an ampersand, the remedy is
simple: Just type `I\&' now. But if some right brace
up above has ended a previous alignment prematurely,
you're probably due for more error messages, and you
might try typing `S' now just to see what is salvageable.

! Misplaced alignment tab character &.
l.25  \bar{v}_{1} &= \left[\begin{matrix} 0 &
                                              \dot{x}s_{imu} & -\dot{x}c_{im...
I can't figure out why you would want to use a tab mark
here. If you just want an ampersand, the remedy is
simple: Just type `I\&' now. But if some right brace
up above has ended a previous alignment prematurely,
you're probably due for more error messages, and you
might try typing `S' now just to see what is salvageable.

! Misplaced alignment tab character &.
l.25 ... \left[\begin{matrix} 0 & \dot{x}s_{imu} &
                                                   -\dot{x}c_{imu} &  \end{m...
I can't figure out why you would want to use a tab mark
here. If you just want an ampersand, the remedy is
simple: Just type `I\&' now. But if some right brace
up above has ended a previous alignment prematurely,
you're probably due for more error messages, and you
might try typing `S' now just to see what is salvageable.

! Misplaced alignment tab character &.
l.25 ...ix} 0 & \dot{x}s_{imu} & -\dot{x}c_{imu} &
                                                    \end{matrix}\right]
I can't figure out why you would want to use a tab mark
here. If you just want an ampersand, the remedy is
simple: Just type `I\&' now. But if some right brace
up above has ended a previous alignment prematurely,
you're probably due for more error messages, and you
might try typing `S' now just to see what is salvageable.

! Misplaced alignment tab character &.
l.27  \bar\alpha_{1} &
                      = {}^{1}A_{0} \bar\alpha_{0} + \ddot{q}_{1} \bar{e}_{1...
I can't figure out why you would want to use a tab mark
here. If you just want an ampersand, the remedy is
simple: Just type `I\&' now. But if some right brace
up above has ended a previous alignment prematurely,
you're probably due for more error messages, and you
might try typing `S' now just to see what is salvageable.

! Misplaced alignment tab character &.
l.29  \bar\alpha_{1} &
                      = \left[\begin{matrix} -\ddot{q}_{imu} & \ddot{\psi}c_...
I can't figure out why you would want to use a tab mark
here. If you just want an ampersand, the remedy is
simple: Just type `I\&' now. But if some right brace
up above has ended a previous alignment prematurely,
you're probably due for more error messages, and you
might try typing `S' now just to see what is salvageable.

! Misplaced alignment tab character &.
l.29 ... &= \left[\begin{matrix} -\ddot{q}_{imu} &
                                                   \ddot{\psi}c_{imu} - K_{2...
I can't figure out why you would want to use a tab mark
here. If you just want an ampersand, the remedy is
simple: Just type `I\&' now. But if some right brace
up above has ended a previous alignment prematurely,
you're probably due for more error messages, and you
might try typing `S' now just to see what is salvageable.

! Misplaced alignment tab character &.
l.29 ... \ddot{\psi}c_{imu} - K_{2}\dot{q}_{imu} &
                                                   K_{1}\dot{q}_{imu} + \ddo...
I can't figure out why you would want to use a tab mark
here. If you just want an ampersand, the remedy is
simple: Just type `I\&' now. But if some right brace
up above has ended a previous alignment prematurely,
you're probably due for more error messages, and you
might try typing `S' now just to see what is salvageable.

! Misplaced alignment tab character &.
l.29 ... K_{1}\dot{q}_{imu} + \ddot{\psi}s_{imu} &
                                                    \end{matrix}\right]
I can't figure out why you would want to use a tab mark
here. If you just want an ampersand, the remedy is
simple: Just type `I\&' now. But if some right brace
up above has ended a previous alignment prematurely,
you're probably due for more error messages, and you
might try typing `S' now just to see what is salvageable.

! Misplaced alignment tab character &.
l.31 K_{5} &
            = -K_{2}\dot{q}_{imu} \nonumber \\
I can't figure out why you would want to use a tab mark
here. If you just want an ampersand, the remedy is
simple: Just type `I\&' now. But if some right brace
up above has ended a previous alignment prematurely,
you're probably due for more error messages, and you
might try typing `S' now just to see what is salvageable.

! Misplaced alignment tab character &.
l.32 K_{6} &
            = K_{1}\dot{q}_{imu} \nonumber \\
I can't figure out why you would want to use a tab mark
here. If you just want an ampersand, the remedy is
simple: Just type `I\&' now. But if some right brace
up above has ended a previous alignment prematurely,
you're probably due for more error messages, and you
might try typing `S' now just to see what is salvageable.

! Misplaced alignment tab character &.
l.33  \bar\alpha_{1} &
                      = \left[\begin{matrix} -\ddot{q}_{imu} & K_{5} + \ddot...
I can't figure out why you would want to use a tab mark
here. If you just want an ampersand, the remedy is
simple: Just type `I\&' now. But if some right brace
up above has ended a previous alignment prematurely,
you're probably due for more error messages, and you
might try typing `S' now just to see what is salvageable.

! Misplaced alignment tab character &.
l.33 ... &= \left[\begin{matrix} -\ddot{q}_{imu} &
                                                   K_{5} + \ddot{\psi}c_{imu...
I can't figure out why you would want to use a tab mark
here. If you just want an ampersand, the remedy is
simple: Just type `I\&' now. But if some right brace
up above has ended a previous alignment prematurely,
you're probably due for more error messages, and you
might try typing `S' now just to see what is salvageable.

! Misplaced alignment tab character &.
l.33 ...ot{q}_{imu} & K_{5} + \ddot{\psi}c_{imu} &
                                                   K_{6} + \ddot{\psi}s_{imu...
I can't figure out why you would want to use a tab mark
here. If you just want an ampersand, the remedy is
simple: Just type `I\&' now. But if some right brace
up above has ended a previous alignment prematurely,
you're probably due for more error messages, and you
might try typing `S' now just to see what is salvageable.

! Misplaced alignment tab character &.
l.33 ...psi}c_{imu} & K_{6} + \ddot{\psi}s_{imu} &
                                                    \end{matrix}\right]
I can't figure out why you would want to use a tab mark
here. If you just want an ampersand, the remedy is
simple: Just type `I\&' now. But if some right brace
up above has ended a previous alignment prematurely,
you're probably due for more error messages, and you
might try typing `S' now just to see what is salvageable.

! Misplaced alignment tab character &.
l.35  \bar{a}_{1} &
                   = {}^{1}A_{0} \left(\bar{a}_{0} + \bar\alpha_{0} \times \...
I can't figure out why you would want to use a tab mark
here. If you just want an ampersand, the remedy is
simple: Just type `I\&' now. But if some right brace
up above has ended a previous alignment prematurely,
you're probably due for more error messages, and you
might try typing `S' now just to see what is salvageable.

! Misplaced alignment tab character &.
l.37  \bar\alpha_{1} &
                      = \left[\begin{matrix} -\dot{\psi} & \ddot{x}s_{imu} &...
I can't figure out why you would want to use a tab mark
here. If you just want an ampersand, the remedy is
simple: Just type `I\&' now. But if some right brace
up above has ended a previous alignment prematurely,
you're probably due for more error messages, and you
might try typing `S' now just to see what is salvageable.

! Misplaced alignment tab character &.
l.37 ..._{1} &= \left[\begin{matrix} -\dot{\psi} &
                                                   \ddot{x}s_{imu} & -\ddot{...
I can't figure out why you would want to use a tab mark
here. If you just want an ampersand, the remedy is
simple: Just type `I\&' now. But if some right brace
up above has ended a previous alignment prematurely,
you're probably due for more error messages, and you
might try typing `S' now just to see what is salvageable.

! Misplaced alignment tab character &.
l.37 ...in{matrix} -\dot{\psi} & \ddot{x}s_{imu} &
                                                   -\ddot{x}c_{imu} &  \end{...
I can't figure out why you would want to use a tab mark
here. If you just want an ampersand, the remedy is
simple: Just type `I\&' now. But if some right brace
up above has ended a previous alignment prematurely,
you're probably due for more error messages, and you
might try typing `S' now just to see what is salvageable.

! Misplaced alignment tab character &.
l.37 ...si} & \ddot{x}s_{imu} & -\ddot{x}c_{imu} &
                                                    \end{matrix}\right]
I can't figure out why you would want to use a tab mark
here. If you just want an ampersand, the remedy is
simple: Just type `I\&' now. But if some right brace
up above has ended a previous alignment prematurely,
you're probably due for more error messages, and you
might try typing `S' now just to see what is salvageable.

! Misplaced alignment tab character &.
l.39  \bar{a}_{1} &
                   = \left[\begin{matrix} -\dot{\psi} & \ddot{x}s_{imu} & -\...
I can't figure out why you would want to use a tab mark
here. If you just want an ampersand, the remedy is
simple: Just type `I\&' now. But if some right brace
up above has ended a previous alignment prematurely,
you're probably due for more error messages, and you
might try typing `S' now just to see what is salvageable.

! Misplaced alignment tab character &.
l.39 ..._{1} &= \left[\begin{matrix} -\dot{\psi} &
                                                   \ddot{x}s_{imu} & -\ddot{...
I can't figure out why you would want to use a tab mark
here. If you just want an ampersand, the remedy is
simple: Just type `I\&' now. But if some right brace
up above has ended a previous alignment prematurely,
you're probably due for more error messages, and you
might try typing `S' now just to see what is salvageable.

! Misplaced alignment tab character &.
l.39 ...in{matrix} -\dot{\psi} & \ddot{x}s_{imu} &
                                                   -\ddot{x}c_{imu} &  \end{...
I can't figure out why you would want to use a tab mark
here. If you just want an ampersand, the remedy is
simple: Just type `I\&' now. But if some right brace
up above has ended a previous alignment prematurely,
you're probably due for more error messages, and you
might try typing `S' now just to see what is salvageable.

! Misplaced alignment tab character &.
l.39 ...si} & \ddot{x}s_{imu} & -\ddot{x}c_{imu} &
                                                    \end{matrix}\right]
I can't figure out why you would want to use a tab mark
here. If you just want an ampersand, the remedy is
simple: Just type `I\&' now. But if some right brace
up above has ended a previous alignment prematurely,
you're probably due for more error messages, and you
might try typing `S' now just to see what is salvageable.

! Misplaced alignment tab character &.
l.41  \bar{g}_{1} &
                   = {}^{1}A_{0} \bar{g}_{0}
I can't figure out why you would want to use a tab mark
here. If you just want an ampersand, the remedy is
simple: Just type `I\&' now. But if some right brace
up above has ended a previous alignment prematurely,
you're probably due for more error messages, and you
might try typing `S' now just to see what is salvageable.

! Misplaced alignment tab character &.
l.43  \bar{g}_{1} &
                   = \left[\begin{matrix} 0 & -gc_{imu} & -gs_{imu} &  \end{...
I can't figure out why you would want to use a tab mark
here. If you just want an ampersand, the remedy is
simple: Just type `I\&' now. But if some right brace
up above has ended a previous alignment prematurely,
you're probably due for more error messages, and you
might try typing `S' now just to see what is salvageable.

! Misplaced alignment tab character &.
l.43  \bar{g}_{1} &= \left[\begin{matrix} 0 &
                                              -gc_{imu} & -gs_{imu} &  \end{...
I can't figure out why you would want to use a tab mark
here. If you just want an ampersand, the remedy is
simple: Just type `I\&' now. But if some right brace
up above has ended a previous alignment prematurely,
you're probably due for more error messages, and you
might try typing `S' now just to see what is salvageable.

! Misplaced alignment tab character &.
l.43 ...1} &= \left[\begin{matrix} 0 & -gc_{imu} &
                                                   -gs_{imu} &  \end{matrix}...
I can't figure out why you would want to use a tab mark
here. If you just want an ampersand, the remedy is
simple: Just type `I\&' now. But if some right brace
up above has ended a previous alignment prematurely,
you're probably due for more error messages, and you
might try typing `S' now just to see what is salvageable.

! Misplaced alignment tab character &.
l.43 ...\begin{matrix} 0 & -gc_{imu} & -gs_{imu} &
                                                    \end{matrix}\right]
I can't figure out why you would want to use a tab mark
here. If you just want an ampersand, the remedy is
simple: Just type `I\&' now. But if some right brace
up above has ended a previous alignment prematurely,
you're probably due for more error messages, and you
might try typing `S' now just to see what is salvageable.

! Misplaced alignment tab character &.
l.45  \bar{g}_{1} &
                   = \left[\begin{matrix} 0 & -gc_{imu} & -gs_{imu} &  \end{...
I can't figure out why you would want to use a tab mark
here. If you just want an ampersand, the remedy is
simple: Just type `I\&' now. But if some right brace
up above has ended a previous alignment prematurely,
you're probably due for more error messages, and you
might try typing `S' now just to see what is salvageable.

! Misplaced alignment tab character &.
l.45  \bar{g}_{1} &= \left[\begin{matrix} 0 &
                                              -gc_{imu} & -gs_{imu} &  \end{...
I can't figure out why you would want to use a tab mark
here. If you just want an ampersand, the remedy is
simple: Just type `I\&' now. But if some right brace
up above has ended a previous alignment prematurely,
you're probably due for more error messages, and you
might try typing `S' now just to see what is salvageable.

! Misplaced alignment tab character &.
l.45 ...1} &= \left[\begin{matrix} 0 & -gc_{imu} &
                                                   -gs_{imu} &  \end{matrix}...
I can't figure out why you would want to use a tab mark
here. If you just want an ampersand, the remedy is
simple: Just type `I\&' now. But if some right brace
up above has ended a previous alignment prematurely,
you're probably due for more error messages, and you
might try typing `S' now just to see what is salvageable.

! Misplaced alignment tab character &.
l.45 ...\begin{matrix} 0 & -gc_{imu} & -gs_{imu} &
                                                    \end{matrix}\right]
I can't figure out why you would want to use a tab mark
here. If you just want an ampersand, the remedy is
simple: Just type `I\&' now. But if some right brace
up above has ended a previous alignment prematurely,
you're probably due for more error messages, and you
might try typing `S' now just to see what is salvageable.

! Misplaced alignment tab character &.
l.47  m_{1}\bar{S}_{1}^{\times}\bar{g}_{1} &
                                            = \mathbf{MS}_{1} \times \bar{g}...
I can't figure out why you would want to use a tab mark
here. If you just want an ampersand, the remedy is
simple: Just type `I\&' now. But if some right brace
up above has ended a previous alignment prematurely,
you're probably due for more error messages, and you
might try typing `S' now just to see what is salvageable.

! Misplaced alignment tab character &.
l.49  m_{1}\bar{S}_{1}^{\times}\bar{g}_{1} &
                                            = \left[\begin{matrix} \mathbf{M...
I can't figure out why you would want to use a tab mark
here. If you just want an ampersand, the remedy is
simple: Just type `I\&' now. But if some right brace
up above has ended a previous alignment prematurely,
you're probably due for more error messages, and you
might try typing `S' now just to see what is salvageable.

! Missing } inserted.
<inserted text> 
                }
l.49 ...bar{g}_{1} &= \left[\begin{matrix} \mathbf
                                                  {MZ}_1gc_{imu} - \mathbf{M...
I've inserted something that you may have forgotten.
(See the <inserted text> above.)
With luck, this will get me unwedged. But if you
really didn't forget anything, try typing `2' now; then
my insertion and my current dilemma will both disappear.

! Missing \cr inserted.
<inserted text> 
                \cr 
l.49 ...bar{g}_{1} &= \left[\begin{matrix} \mathbf
                                                  {MZ}_1gc_{imu} - \mathbf{M...
I'm guessing that you meant to end an alignment here.

! Misplaced \cr.
<inserted text> \cr 
                    
l.49 ...bar{g}_{1} &= \left[\begin{matrix} \mathbf
                                                  {MZ}_1gc_{imu} - \mathbf{M...
I can't figure out why you would want to use a tab mark
or \cr or \span just now. If something like a right brace
up above has ended a previous alignment prematurely,
you're probably due for more error messages, and you
might try typing `S' now just to see what is salvageable.

! Missing \cr inserted.
<inserted text> 
                \cr 
l.49 ...bar{g}_{1} &= \left[\begin{matrix} \mathbf
                                                  {MZ}_1gc_{imu} - \mathbf{M...
I'm guessing that you meant to end an alignment here.

! Misplaced \cr.
<inserted text> \cr 
                    
l.49 ...bar{g}_{1} &= \left[\begin{matrix} \mathbf
                                                  {MZ}_1gc_{imu} - \mathbf{M...
I can't figure out why you would want to use a tab mark
or \cr or \span just now. If something like a right brace
up above has ended a previous alignment prematurely,
you're probably due for more error messages, and you
might try typing `S' now just to see what is salvageable.

! Missing \cr inserted.
<inserted text> 
                \cr 
l.49 ...bar{g}_{1} &= \left[\begin{matrix} \mathbf
                                                  {MZ}_1gc_{imu} - \mathbf{M...
I'm guessing that you meant to end an alignment here.

! Misplaced \cr.
<inserted text> \cr 
                    
l.49 ...bar{g}_{1} &= \left[\begin{matrix} \mathbf
                                                  {MZ}_1gc_{imu} - \mathbf{M...
I can't figure out why you would want to use a tab mark
or \cr or \span just now. If something like a right brace
up above has ended a previous alignment prematurely,
you're probably due for more error messages, and you
might try typing `S' now just to see what is salvageable.

! Missing \cr inserted.
<inserted text> 
                \cr 
l.49 ...bar{g}_{1} &= \left[\begin{matrix} \mathbf
                                                  {MZ}_1gc_{imu} - \mathbf{M...
I'm guessing that you meant to end an alignment here.

! Misplaced \cr.
<inserted text> \cr 
                    
l.49 ...bar{g}_{1} &= \left[\begin{matrix} \mathbf
                                                  {MZ}_1gc_{imu} - \mathbf{M...
I can't figure out why you would want to use a tab mark
or \cr or \span just now. If something like a right brace
up above has ended a previous alignment prematurely,
you're probably due for more error messages, and you
might try typing `S' now just to see what is salvageable.

! Missing \cr inserted.
<inserted text> 
                \cr 
l.49 ...bar{g}_{1} &= \left[\begin{matrix} \mathbf
                                                  {MZ}_1gc_{imu} - \mathbf{M...
I'm guessing that you meant to end an alignment here.

! Misplaced \cr.
<inserted text> \cr 
                    
l.49 ...bar{g}_{1} &= \left[\begin{matrix} \mathbf
                                                  {MZ}_1gc_{imu} - \mathbf{M...
I can't figure out why you would want to use a tab mark
or \cr or \span just now. If something like a right brace
up above has ended a previous alignment prematurely,
you're probably due for more error messages, and you
might try typing `S' now just to see what is salvageable.

! Missing \cr inserted.
<inserted text> 
                \cr 
l.49 ...bar{g}_{1} &= \left[\begin{matrix} \mathbf
                                                  {MZ}_1gc_{imu} - \mathbf{M...
I'm guessing that you meant to end an alignment here.

! Misplaced \cr.
<inserted text> \cr 
                    
l.49 ...bar{g}_{1} &= \left[\begin{matrix} \mathbf
                                                  {MZ}_1gc_{imu} - \mathbf{M...
I can't figure out why you would want to use a tab mark
or \cr or \span just now. If something like a right brace
up above has ended a previous alignment prematurely,
you're probably due for more error messages, and you
might try typing `S' now just to see what is salvageable.

! Missing \cr inserted.
<inserted text> 
                \cr 
l.49 ...bar{g}_{1} &= \left[\begin{matrix} \mathbf
                                                  {MZ}_1gc_{imu} - \mathbf{M...
I'm guessing that you meant to end an alignment here.

! Misplaced \cr.
<inserted text> \cr 
                    
l.49 ...bar{g}_{1} &= \left[\begin{matrix} \mathbf
                                                  {MZ}_1gc_{imu} - \mathbf{M...
I can't figure out why you would want to use a tab mark
or \cr or \span just now. If something like a right brace
up above has ended a previous alignment prematurely,
you're probably due for more error messages, and you
might try typing `S' now just to see what is salvageable.

! Missing \cr inserted.
<inserted text> 
                \cr 
l.49 ...bar{g}_{1} &= \left[\begin{matrix} \mathbf
                                                  {MZ}_1gc_{imu} - \mathbf{M...
I'm guessing that you meant to end an alignment here.

! Misplaced \cr.
<inserted text> \cr 
                    
l.49 ...bar{g}_{1} &= \left[\begin{matrix} \mathbf
                                                  {MZ}_1gc_{imu} - \mathbf{M...
I can't figure out why you would want to use a tab mark
or \cr or \span just now. If something like a right brace
up above has ended a previous alignment prematurely,
you're probably due for more error messages, and you
might try typing `S' now just to see what is salvageable.

! Missing \cr inserted.
<inserted text> 
                \cr 
l.49 ...bar{g}_{1} &= \left[\begin{matrix} \mathbf
                                                  {MZ}_1gc_{imu} - \mathbf{M...
I'm guessing that you meant to end an alignment here.

! Misplaced \cr.
<inserted text> \cr 
                    
l.49 ...bar{g}_{1} &= \left[\begin{matrix} \mathbf
                                                  {MZ}_1gc_{imu} - \mathbf{M...
I can't figure out why you would want to use a tab mark
or \cr or \span just now. If something like a right brace
up above has ended a previous alignment prematurely,
you're probably due for more error messages, and you
might try typing `S' now just to see what is salvageable.

! Missing \cr inserted.
<inserted text> 
                \cr 
l.49 ...bar{g}_{1} &= \left[\begin{matrix} \mathbf
                                                  {MZ}_1gc_{imu} - \mathbf{M...
I'm guessing that you meant to end an alignment here.

! Misplaced \cr.
<inserted text> \cr 
                    
l.49 ...bar{g}_{1} &= \left[\begin{matrix} \mathbf
                                                  {MZ}_1gc_{imu} - \mathbf{M...
I can't figure out why you would want to use a tab mark
or \cr or \span just now. If something like a right brace
up above has ended a previous alignment prematurely,
you're probably due for more error messages, and you
might try typing `S' now just to see what is salvageable.

! Missing \cr inserted.
<inserted text> 
                \cr 
l.49 ...bar{g}_{1} &= \left[\begin{matrix} \mathbf
                                                  {MZ}_1gc_{imu} - \mathbf{M...
I'm guessing that you meant to end an alignment here.

! Misplaced \cr.
<inserted text> \cr 
                    
l.49 ...bar{g}_{1} &= \left[\begin{matrix} \mathbf
                                                  {MZ}_1gc_{imu} - \mathbf{M...
I can't figure out why you would want to use a tab mark
or \cr or \span just now. If something like a right brace
up above has ended a previous alignment prematurely,
you're probably due for more error messages, and you
might try typing `S' now just to see what is salvageable.

! Missing \cr inserted.
<inserted text> 
                \cr 
l.49 ...bar{g}_{1} &= \left[\begin{matrix} \mathbf
                                                  {MZ}_1gc_{imu} - \mathbf{M...
I'm guessing that you meant to end an alignment here.

! Misplaced \cr.
<inserted text> \cr 
                    
l.49 ...bar{g}_{1} &= \left[\begin{matrix} \mathbf
                                                  {MZ}_1gc_{imu} - \mathbf{M...
I can't figure out why you would want to use a tab mark
or \cr or \span just now. If something like a right brace
up above has ended a previous alignment prematurely,
you're probably due for more error messages, and you
might try typing `S' now just to see what is salvageable.

! Missing \cr inserted.
<inserted text> 
                \cr 
l.49 ...bar{g}_{1} &= \left[\begin{matrix} \mathbf
                                                  {MZ}_1gc_{imu} - \mathbf{M...
I'm guessing that you meant to end an alignment here.

! Misplaced \cr.
<inserted text> \cr 
                    
l.49 ...bar{g}_{1} &= \left[\begin{matrix} \mathbf
                                                  {MZ}_1gc_{imu} - \mathbf{M...
(That makes 100 errors; please try again.) 
Here is how much of TeX's memory you used:
 16 strings out of 495061
 283 string characters out of 1182620
 50108 words of memory out of 3000000
 3290 multiletter control sequences out of 15000+50000
 4567 words of font info for 17 fonts, out of 3000000 for 9000
 28 hyphenation exceptions out of 8191
 19i,11n,16p,210b,77s stack positions out of 5000i,500n,10000p,200000b,50000s

!  ==> Fatal error occurred, no output PDF file produced!
